<?xml version="1.0" encoding="UTF-8"?>
<testsuite xmlns:xsi="http://www.w3.org/2001/XMLSchema-instance" xsi:noNamespaceSchemaLocation="https://maven.apache.org/surefire/maven-surefire-plugin/xsd/surefire-test-report-3.0.xsd" version="3.0" name="com.vemser.automationpractice.test.AccountTest" time="32.557" tests="2" errors="0" skipped="0" failures="0">
  <properties>
    <property name="java.specification.version" value="17"/>
    <property name="sun.cpu.isalist" value="amd64"/>
    <property name="sun.jnu.encoding" value="Cp1252"/>
    <property name="java.class.path" value="C:\Users\camila.goncalves\Desktop\Repo QA\FormacaoComplementarQA\M贸dulo - tfa\Selenium\Task1\selenium_webdriver\target\test-classes;C:\Users\camila.goncalves\Desktop\Repo QA\FormacaoComplementarQA\M贸dulo - tfa\Selenium\Task1\selenium_webdriver\target\classes;C:\Users\camila.goncalves\.m2\repository\org\seleniumhq\selenium\selenium-java\3.7.0\selenium-java-3.7.0.jar;C:\Users\camila.goncalves\.m2\repository\org\seleniumhq\selenium\selenium-api\3.7.0\selenium-api-3.7.0.jar;C:\Users\camila.goncalves\.m2\repository\org\seleniumhq\selenium\selenium-chrome-driver\3.7.0\selenium-chrome-driver-3.7.0.jar;C:\Users\camila.goncalves\.m2\repository\org\seleniumhq\selenium\selenium-edge-driver\3.7.0\selenium-edge-driver-3.7.0.jar;C:\Users\camila.goncalves\.m2\repository\org\seleniumhq\selenium\selenium-firefox-driver\3.7.0\selenium-firefox-driver-3.7.0.jar;C:\Users\camila.goncalves\.m2\repository\org\seleniumhq\selenium\selenium-ie-driver\3.7.0\selenium-ie-driver-3.7.0.jar;C:\Users\camila.goncalves\.m2\repository\org\seleniumhq\selenium\selenium-opera-driver\3.7.0\selenium-opera-driver-3.7.0.jar;C:\Users\camila.goncalves\.m2\repository\org\seleniumhq\selenium\selenium-remote-driver\3.7.0\selenium-remote-driver-3.7.0.jar;C:\Users\camila.goncalves\.m2\repository\org\seleniumhq\selenium\selenium-safari-driver\3.7.0\selenium-safari-driver-3.7.0.jar;C:\Users\camila.goncalves\.m2\repository\org\seleniumhq\selenium\selenium-support\3.7.0\selenium-support-3.7.0.jar;C:\Users\camila.goncalves\.m2\repository\net\bytebuddy\byte-buddy\1.7.5\byte-buddy-1.7.5.jar;C:\Users\camila.goncalves\.m2\repository\org\apache\commons\commons-exec\1.3\commons-exec-1.3.jar;C:\Users\camila.goncalves\.m2\repository\commons-codec\commons-codec\1.10\commons-codec-1.10.jar;C:\Users\camila.goncalves\.m2\repository\commons-logging\commons-logging\1.2\commons-logging-1.2.jar;C:\Users\camila.goncalves\.m2\repository\com\google\code\gson\gson\2.8.2\gson-2.8.2.jar;C:\Users\camila.goncalves\.m2\repository\com\google\guava\guava\23.0\guava-23.0.jar;C:\Users\camila.goncalves\.m2\repository\com\google\code\findbugs\jsr305\1.3.9\jsr305-1.3.9.jar;C:\Users\camila.goncalves\.m2\repository\com\google\errorprone\error_prone_annotations\2.0.18\error_prone_annotations-2.0.18.jar;C:\Users\camila.goncalves\.m2\repository\com\google\j2objc\j2objc-annotations\1.1\j2objc-annotations-1.1.jar;C:\Users\camila.goncalves\.m2\repository\org\codehaus\mojo\animal-sniffer-annotations\1.14\animal-sniffer-annotations-1.14.jar;C:\Users\camila.goncalves\.m2\repository\org\apache\httpcomponents\httpclient\4.5.3\httpclient-4.5.3.jar;C:\Users\camila.goncalves\.m2\repository\org\apache\httpcomponents\httpcore\4.4.6\httpcore-4.4.6.jar;C:\Users\camila.goncalves\.m2\repository\com\fasterxml\jackson\datatype\jackson-datatype-jsr310\2.10.1\jackson-datatype-jsr310-2.10.1.jar;C:\Users\camila.goncalves\.m2\repository\com\fasterxml\jackson\core\jackson-annotations\2.10.1\jackson-annotations-2.10.1.jar;C:\Users\camila.goncalves\.m2\repository\com\fasterxml\jackson\core\jackson-core\2.10.1\jackson-core-2.10.1.jar;C:\Users\camila.goncalves\.m2\repository\com\fasterxml\jackson\core\jackson-databind\2.10.1\jackson-databind-2.10.1.jar;C:\Users\camila.goncalves\.m2\repository\junit\junit\4.13.2\junit-4.13.2.jar;C:\Users\camila.goncalves\.m2\repository\org\hamcrest\hamcrest-core\1.3\hamcrest-core-1.3.jar;C:\Users\camila.goncalves\.m2\repository\org\projectlombok\lombok\1.18.22\lombok-1.18.22.jar;C:\Users\camila.goncalves\.m2\repository\com\github\javafaker\javafaker\1.0.2\javafaker-1.0.2.jar;C:\Users\camila.goncalves\.m2\repository\org\apache\commons\commons-lang3\3.5\commons-lang3-3.5.jar;C:\Users\camila.goncalves\.m2\repository\org\yaml\snakeyaml\1.23\snakeyaml-1.23-android.jar;C:\Users\camila.goncalves\.m2\repository\com\github\mifmif\generex\1.0.2\generex-1.0.2.jar;C:\Users\camila.goncalves\.m2\repository\dk\brics\automaton\automaton\1.11-8\automaton-1.11-8.jar;C:\Users\camila.goncalves\.m2\repository\org\aspectj\aspectjweaver\1.9.21\aspectjweaver-1.9.21.jar;C:\Users\camila.goncalves\.m2\repository\io\qameta\allure\allure-junit4\2.25.0\allure-junit4-2.25.0.jar;C:\Users\camila.goncalves\.m2\repository\io\qameta\allure\allure-java-commons\2.25.0\allure-java-commons-2.25.0.jar;C:\Users\camila.goncalves\.m2\repository\org\slf4j\slf4j-api\1.7.36\slf4j-api-1.7.36.jar;C:\Users\camila.goncalves\.m2\repository\io\qameta\allure\allure-model\2.25.0\allure-model-2.25.0.jar;C:\Users\camila.goncalves\.m2\repository\io\qameta\allure\allure-test-filter\2.25.0\allure-test-filter-2.25.0.jar;"/>
    <property name="java.vm.vendor" value="Oracle Corporation"/>
    <property name="sun.arch.data.model" value="64"/>
    <property name="user.variant" value=""/>
    <property name="java.vendor.url" value="https://java.oracle.com/"/>
    <property name="user.timezone" value="GMT-03:00"/>
    <property name="os.name" value="Windows 10"/>
    <property name="java.vm.specification.version" value="17"/>
    <property name="sun.java.launcher" value="SUN_STANDARD"/>
    <property name="user.country" value="BR"/>
    <property name="sun.boot.library.path" value="C:\Program Files\Java\jdk-17\bin"/>
    <property name="sun.java.command" value="C:\Users\camila.goncalves\AppData\Local\Temp\surefire17560537468225752313\surefirebooter-20240423135236960_3.jar C:\Users\camila.goncalves\AppData\Local\Temp\surefire17560537468225752313 2024-04-23T13-52-36_520-jvmRun1 surefire-20240423135236960_1tmp surefire_0-20240423135236960_2tmp"/>
    <property name="jdk.debug" value="release"/>
    <property name="surefire.test.class.path" value="C:\Users\camila.goncalves\Desktop\Repo QA\FormacaoComplementarQA\M贸dulo - tfa\Selenium\Task1\selenium_webdriver\target\test-classes;C:\Users\camila.goncalves\Desktop\Repo QA\FormacaoComplementarQA\M贸dulo - tfa\Selenium\Task1\selenium_webdriver\target\classes;C:\Users\camila.goncalves\.m2\repository\org\seleniumhq\selenium\selenium-java\3.7.0\selenium-java-3.7.0.jar;C:\Users\camila.goncalves\.m2\repository\org\seleniumhq\selenium\selenium-api\3.7.0\selenium-api-3.7.0.jar;C:\Users\camila.goncalves\.m2\repository\org\seleniumhq\selenium\selenium-chrome-driver\3.7.0\selenium-chrome-driver-3.7.0.jar;C:\Users\camila.goncalves\.m2\repository\org\seleniumhq\selenium\selenium-edge-driver\3.7.0\selenium-edge-driver-3.7.0.jar;C:\Users\camila.goncalves\.m2\repository\org\seleniumhq\selenium\selenium-firefox-driver\3.7.0\selenium-firefox-driver-3.7.0.jar;C:\Users\camila.goncalves\.m2\repository\org\seleniumhq\selenium\selenium-ie-driver\3.7.0\selenium-ie-driver-3.7.0.jar;C:\Users\camila.goncalves\.m2\repository\org\seleniumhq\selenium\selenium-opera-driver\3.7.0\selenium-opera-driver-3.7.0.jar;C:\Users\camila.goncalves\.m2\repository\org\seleniumhq\selenium\selenium-remote-driver\3.7.0\selenium-remote-driver-3.7.0.jar;C:\Users\camila.goncalves\.m2\repository\org\seleniumhq\selenium\selenium-safari-driver\3.7.0\selenium-safari-driver-3.7.0.jar;C:\Users\camila.goncalves\.m2\repository\org\seleniumhq\selenium\selenium-support\3.7.0\selenium-support-3.7.0.jar;C:\Users\camila.goncalves\.m2\repository\net\bytebuddy\byte-buddy\1.7.5\byte-buddy-1.7.5.jar;C:\Users\camila.goncalves\.m2\repository\org\apache\commons\commons-exec\1.3\commons-exec-1.3.jar;C:\Users\camila.goncalves\.m2\repository\commons-codec\commons-codec\1.10\commons-codec-1.10.jar;C:\Users\camila.goncalves\.m2\repository\commons-logging\commons-logging\1.2\commons-logging-1.2.jar;C:\Users\camila.goncalves\.m2\repository\com\google\code\gson\gson\2.8.2\gson-2.8.2.jar;C:\Users\camila.goncalves\.m2\repository\com\google\guava\guava\23.0\guava-23.0.jar;C:\Users\camila.goncalves\.m2\repository\com\google\code\findbugs\jsr305\1.3.9\jsr305-1.3.9.jar;C:\Users\camila.goncalves\.m2\repository\com\google\errorprone\error_prone_annotations\2.0.18\error_prone_annotations-2.0.18.jar;C:\Users\camila.goncalves\.m2\repository\com\google\j2objc\j2objc-annotations\1.1\j2objc-annotations-1.1.jar;C:\Users\camila.goncalves\.m2\repository\org\codehaus\mojo\animal-sniffer-annotations\1.14\animal-sniffer-annotations-1.14.jar;C:\Users\camila.goncalves\.m2\repository\org\apache\httpcomponents\httpclient\4.5.3\httpclient-4.5.3.jar;C:\Users\camila.goncalves\.m2\repository\org\apache\httpcomponents\httpcore\4.4.6\httpcore-4.4.6.jar;C:\Users\camila.goncalves\.m2\repository\com\fasterxml\jackson\datatype\jackson-datatype-jsr310\2.10.1\jackson-datatype-jsr310-2.10.1.jar;C:\Users\camila.goncalves\.m2\repository\com\fasterxml\jackson\core\jackson-annotations\2.10.1\jackson-annotations-2.10.1.jar;C:\Users\camila.goncalves\.m2\repository\com\fasterxml\jackson\core\jackson-core\2.10.1\jackson-core-2.10.1.jar;C:\Users\camila.goncalves\.m2\repository\com\fasterxml\jackson\core\jackson-databind\2.10.1\jackson-databind-2.10.1.jar;C:\Users\camila.goncalves\.m2\repository\junit\junit\4.13.2\junit-4.13.2.jar;C:\Users\camila.goncalves\.m2\repository\org\hamcrest\hamcrest-core\1.3\hamcrest-core-1.3.jar;C:\Users\camila.goncalves\.m2\repository\org\projectlombok\lombok\1.18.22\lombok-1.18.22.jar;C:\Users\camila.goncalves\.m2\repository\com\github\javafaker\javafaker\1.0.2\javafaker-1.0.2.jar;C:\Users\camila.goncalves\.m2\repository\org\apache\commons\commons-lang3\3.5\commons-lang3-3.5.jar;C:\Users\camila.goncalves\.m2\repository\org\yaml\snakeyaml\1.23\snakeyaml-1.23-android.jar;C:\Users\camila.goncalves\.m2\repository\com\github\mifmif\generex\1.0.2\generex-1.0.2.jar;C:\Users\camila.goncalves\.m2\repository\dk\brics\automaton\automaton\1.11-8\automaton-1.11-8.jar;C:\Users\camila.goncalves\.m2\repository\org\aspectj\aspectjweaver\1.9.21\aspectjweaver-1.9.21.jar;C:\Users\camila.goncalves\.m2\repository\io\qameta\allure\allure-junit4\2.25.0\allure-junit4-2.25.0.jar;C:\Users\camila.goncalves\.m2\repository\io\qameta\allure\allure-java-commons\2.25.0\allure-java-commons-2.25.0.jar;C:\Users\camila.goncalves\.m2\repository\org\slf4j\slf4j-api\1.7.36\slf4j-api-1.7.36.jar;C:\Users\camila.goncalves\.m2\repository\io\qameta\allure\allure-model\2.25.0\allure-model-2.25.0.jar;C:\Users\camila.goncalves\.m2\repository\io\qameta\allure\allure-test-filter\2.25.0\allure-test-filter-2.25.0.jar;"/>
    <property name="sun.cpu.endian" value="little"/>
    <property name="user.home" value="C:\Users\camila.goncalves"/>
    <property name="user.language" value="pt"/>
    <property name="java.specification.vendor" value="Oracle Corporation"/>
    <property name="java.version.date" value="2024-01-16"/>
    <property name="java.home" value="C:\Program Files\Java\jdk-17"/>
    <property name="file.separator" value="\"/>
    <property name="basedir" value="C:\Users\camila.goncalves\Desktop\Repo QA\FormacaoComplementarQA\M贸dulo - tfa\Selenium\Task1\selenium_webdriver"/>
    <property name="java.vm.compressedOopsMode" value="Zero based"/>
    <property name="line.separator" value="&#10;"/>
    <property name="java.vm.specification.vendor" value="Oracle Corporation"/>
    <property name="java.specification.name" value="Java Platform API Specification"/>
    <property name="surefire.real.class.path" value="C:\Users\camila.goncalves\AppData\Local\Temp\surefire17560537468225752313\surefirebooter-20240423135236960_3.jar"/>
    <property name="user.script" value=""/>
    <property name="sun.management.compiler" value="HotSpot 64-Bit Tiered Compilers"/>
    <property name="java.runtime.version" value="17.0.10+11-LTS-240"/>
    <property name="user.name" value="camila.goncalves"/>
    <property name="path.separator" value=";"/>
    <property name="os.version" value="10.0"/>
    <property name="java.runtime.name" value="Java(TM) SE Runtime Environment"/>
    <property name="file.encoding" value="UTF-8"/>
    <property name="java.vm.name" value="Java HotSpot(TM) 64-Bit Server VM"/>
    <property name="localRepository" value="C:\Users\camila.goncalves\.m2\repository"/>
    <property name="java.vendor.url.bug" value="https://bugreport.java.com/bugreport/"/>
    <property name="java.io.tmpdir" value="C:\Users\CAMILA~1.GON\AppData\Local\Temp\"/>
    <property name="idea.version" value="2023.3.6"/>
    <property name="java.version" value="17.0.10"/>
    <property name="user.dir" value="C:\Users\camila.goncalves\Desktop\Repo QA\FormacaoComplementarQA\M贸dulo - tfa\Selenium\Task1\selenium_webdriver"/>
    <property name="os.arch" value="amd64"/>
    <property name="java.vm.specification.name" value="Java Virtual Machine Specification"/>
    <property name="sun.os.patch.level" value=""/>
    <property name="native.encoding" value="Cp1252"/>
    <property name="java.library.path" value="C:\Program Files\Java\jdk-17\bin;C:\Windows\Sun\Java\bin;C:\Windows\system32;C:\Windows;C:\Program Files\Common Files\Oracle\Java\javapath;%JAVA_HOME%\bin;C:\Program Files\Java\jdk-11\bin;C:\Program Files (x86)\Common Files\Oracle\Java\OpenJDK-11\bin;C:\Windows\system32;C:\Windows;C:\Windows\System32\Wbem;C:\Windows\System32\WindowsPowerShell\v1.0\;C:\Windows\System32\OpenSSH\;C:\Program Files\nodejs\;C:\Program Files\Docker\Docker\resources\bin;C:\Program Files\Git\cmd;C:\Users\camila.goncalves\allure-2.10.0\bin;C:\Users\camila.goncalves\apache-maven-3.9.6-bin\apache-maven-3.9.6\bin;C:\Program Files\Common Files\Oracle\Java\javapath;%JAVA_HOME%\bin;C:\Program Files\Java\jdk-11\bin;C:\Program Files (x86)\Common Files\Oracle\Java\OpenJDK-11\bin;C:\Windows\system32;C:\Windows;C:\Windows\System32\Wbem;C:\Windows\System32\WindowsPowerShell\v1.0\;C:\Windows\System32\OpenSSH\;C:\Program Files\nodejs\;C:\Program Files\Docker\Docker\resources\bin;C:\Program Files\Git\cmd;C:\Users\camila.goncalves\allure-2.10.0\bin;C:\Users\camila.goncalves\apache-maven-3.9.6-bin\apache-maven-3.9.6\bin;;C:\Program Files\JetBrains\IntelliJ IDEA\bin;C:\Users\camila.goncalves\apache-maven-3.9.6-bin\apache-maven-3.9.6\bin;;."/>
    <property name="java.vm.info" value="mixed mode, sharing"/>
    <property name="java.vendor" value="Oracle Corporation"/>
    <property name="java.vm.version" value="17.0.10+11-LTS-240"/>
    <property name="sun.io.unicode.encoding" value="UnicodeLittle"/>
    <property name="java.class.version" value="61.0"/>
  </properties>
  <testcase name="verifyAccountCreationWithInvalidData" classname="com.vemser.automationpractice.test.AccountTest" time="14.714">
    <system-err><![CDATA[SLF4J: Failed to load class "org.slf4j.impl.StaticLoggerBinder".
SLF4J: Defaulting to no-operation (NOP) logger implementation
SLF4J: See http://www.slf4j.org/codes.html#StaticLoggerBinder for further details.
Starting ChromeDriver 123.0.6312.105 (399174dbe6eff0f59de9a6096129c0c827002b3a-refs/branch-heads/6312@{#761}) on port 28344
Only local connections are allowed.
Please see https://chromedriver.chromium.org/security-considerations for suggestions on keeping ChromeDriver safe.
ChromeDriver was started successfully.
[1713891163.885][WARNING]: This version of ChromeDriver has not been tested with Chrome version 124.
abr. 23, 2024 1:52:44 PM org.openqa.selenium.remote.ProtocolHandshake createSession
INFO: Detected dialect: W3C
]]></system-err>
  </testcase>
  <testcase name="verifyAccountCreationWithValidData" classname="com.vemser.automationpractice.test.AccountTest" time="17.391">
    <system-err><![CDATA[Starting ChromeDriver 123.0.6312.105 (399174dbe6eff0f59de9a6096129c0c827002b3a-refs/branch-heads/6312@{#761}) on port 7232
Only local connections are allowed.
Please see https://chromedriver.chromium.org/security-considerations for suggestions on keeping ChromeDriver safe.
ChromeDriver was started successfully.
[1713891176.245][WARNING]: This version of ChromeDriver has not been tested with Chrome version 124.
abr. 23, 2024 1:52:56 PM org.openqa.selenium.remote.ProtocolHandshake createSession
INFO: Detected dialect: W3C
]]></system-err>
  </testcase>
</testsuite>